Start testing: Jul 25 10:14 CST
----------------------------------------------------------
1/2 Testing: test_add
1/2 Test: test_add
Command: "/root/vscode-c/FirstProject/build/tests/test_add"
Directory: /root/vscode-c/FirstProject/build/tests
"test_add" start time: Jul 25 10:14 CST
Output:
----------------------------------------------------------
Running main() from /root/vscode-c/FirstProject/googletest-1.15.0/googletest/src/gtest_main.cc
[==========] Running 2 tests from 1 test suite.
[----------] Global test environment set-up.
[----------] 2 tests from ADD
[ RUN      ] ADD.ADD_1
[       OK ] ADD.ADD_1 (0 ms)
[ RUN      ] ADD.ADD_2
[       OK ] ADD.ADD_2 (0 ms)
[----------] 2 tests from ADD (0 ms total)

[----------] Global test environment tear-down
[==========] 2 tests from 1 test suite ran. (0 ms total)
[  PASSED  ] 2 tests.
<end of output>
Test time =   0.00 sec
----------------------------------------------------------
Test Passed.
"test_add" end time: Jul 25 10:14 CST
"test_add" time elapsed: 00:00:00
----------------------------------------------------------

2/2 Testing: test_mul
2/2 Test: test_mul
Command: "/root/vscode-c/FirstProject/build/tests/test_mul"
Directory: /root/vscode-c/FirstProject/build/tests
"test_mul" start time: Jul 25 10:14 CST
Output:
----------------------------------------------------------
Running main() from /root/vscode-c/FirstProject/googletest-1.15.0/googletest/src/gtest_main.cc
[==========] Running 2 tests from 1 test suite.
[----------] Global test environment set-up.
[----------] 2 tests from MUL
[ RUN      ] MUL.MUL_1
[       OK ] MUL.MUL_1 (0 ms)
[ RUN      ] MUL.MUL_2
[       OK ] MUL.MUL_2 (0 ms)
[----------] 2 tests from MUL (0 ms total)

[----------] Global test environment tear-down
[==========] 2 tests from 1 test suite ran. (0 ms total)
[  PASSED  ] 2 tests.
<end of output>
Test time =   0.00 sec
----------------------------------------------------------
Test Passed.
"test_mul" end time: Jul 25 10:14 CST
"test_mul" time elapsed: 00:00:00
----------------------------------------------------------

End testing: Jul 25 10:14 CST
